[
   {
      "activity_name": "CalibrationHDF5Writer",
      "activity_uuid": "8d8207c5-8fc3-43ba-8618-84e4806a02bd",
      "start": {
         "time_utc": "2019-11-30T00:06:26.417"
      },
      "stop": {
         "time_utc": "2019-11-30T00:18:53.328"
      },
      "system": {
         "ctapipe_version": "0.6.2.post218+git5b81bb6",
         "ctapipe_resources_version": "0.2.18",
         "pyhessio_version": "not installed",
         "eventio_version": "0.20.3",
         "ctapipe_svc_path": null,
         "executable": "/home/maria.bernardos/miniconda3/envs/cta-0.7/bin/python",
         "platform": {
            "architecture_bits": "64bit",
            "architecture_linkage": "",
            "machine": "x86_64",
            "processor": "x86_64",
            "node": "cp01",
            "version": "#1 SMP Mon Oct 24 16:09:20 UTC 2016",
            "system": "Linux",
            "release": "3.10.0-327.36.3.el7.x86_64",
            "libcver": [
               "glibc",
               "2.10"
            ],
            "num_cpus": 32,
            "boot_time": "2019-11-29T04:03:22.000"
         },
         "python": {
            "version_string": "3.7.4 (default, Aug 13 2019, 20:35:49) \n[GCC 7.3.0]",
            "version": [
               "3",
               "7",
               "4"
            ],
            "compiler": "GCC 7.3.0",
            "implementation": "CPython"
         },
         "environment": {
            "CONDA_DEFAULT_ENV": "cta-0.7",
            "CONDA_PREFIX": "/home/maria.bernardos/miniconda3/envs/cta-0.7",
            "CONDA_PYTHON_EXE": "/home/maria.bernardos/miniconda3/bin/python",
            "CONDA_EXE": "/home/maria.bernardos/miniconda3/bin/conda",
            "CONDA_PROMPT_MODIFIER": "(cta-0.7) ",
            "CONDA_SHLVL": "2",
            "PATH": "/home/maria.bernardos/miniconda3/envs/cta-0.7/bin:/home/maria.bernardos/miniconda3/condabin:/usr/lib64/qt-3.3/bin:/usr/local/bin:/usr/bin:/usr/local/sbin:/usr/sbin:/opt/ibutils/bin:/home/maria.bernardos/.local/bin:/home/maria.bernardos/bin",
            "LD_LIBRARY_PATH": null,
            "DYLD_LIBRARY_PATH": null,
            "USER": "maria.bernardos",
            "HOME": "/home/maria.bernardos",
            "SHELL": "/bin/bash"
         },
         "arguments": [
            "/home/maria.bernardos/miniconda3/envs/cta-0.7/bin/lstchain_data_create_calibration_file",
            "--input_file=/fefs/aswg/workspace/maria.bernardos/R0/LST-1.1.Run01614.0000.fits.fz",
            "--output_file=/fefs/aswg/workspace/maria.bernardos//calibration/R0/v00/calibration.Run1614.0000.hdf5",
            "--pedestal_file=/fefs/aswg/workspace/maria.bernardos//calibration/R0/v00/drs4_pedestal.Run1611.0000.fits",
            "--FlatFieldCalculator.sample_size=10000",
            "--PedestalCalculator.sample_size=10000",
            "--EventSource.max_events=1000000",
            "--config=../../data/onsite_camera_calibration_param.json"
         ],
         "start_time_utc": "2019-11-30T00:06:26.450"
      },
      "input": [
         {
            "url": "/fefs/aswg/workspace/maria.bernardos/R0/LST-1.1.Run01614.0000.fits.fz",
            "role": "DL0/Event"
         },
         {
            "url": "/fefs/aswg/workspace/maria.bernardos/R0/LST-1.2.Run01614.0000.fits.fz",
            "role": "r0.sub.evt"
         },
         {
            "url": "/fefs/aswg/workspace/maria.bernardos/R0/LST-1.3.Run01614.0000.fits.fz",
            "role": "r0.sub.evt"
         },
         {
            "url": "/fefs/aswg/workspace/maria.bernardos/R0/LST-1.4.Run01614.0000.fits.fz",
            "role": "r0.sub.evt"
         },
         {
            "url": "/fefs/aswg/workspace/maria.bernardos/R0/LST-1.1.Run01614.0000.fits.fz",
            "role": "r0.sub.evt"
         },
         {
            "url": "/home/maria.bernardos/.cache/Python-Eggs/ctapipe_extra-0.2.18-py3.7.egg-tmp/ctapipe_resources/optics.ecsv.txt",
            "role": "dl0.tel.svc.optics"
         },
         {
            "url": "/home/maria.bernardos/.cache/Python-Eggs/ctapipe_extra-0.2.18-py3.7.egg-tmp/ctapipe_resources/LSTCam-002.camgeom.fits.gz",
            "role": "dl0.tel.svc.camera"
         }
      ],
      "output": [
         {
            "url": "/fefs/aswg/workspace/maria.bernardos/calibration/R0/v00/calibration.Run1614.0000.hdf5",
            "role": "mon.tel.calibration"
         }
      ],
      "config": {
         "CalibrationHDF5Writer": {
            "config_file": "../../data/onsite_camera_calibration_param.json",
            "flatfield_product": "FlasherFlatFieldCalculator",
            "log_datefmt": "%Y-%m-%d %H:%M:%S",
            "log_file": "None",
            "log_format": "%(levelname)s [%(name)s] (%(module)s/%(funcName)s): %(message)s",
            "log_level": 10,
            "minimum_charge": 800.0,
            "one_event": true,
            "output_file": "/fefs/aswg/workspace/maria.bernardos//calibration/R0/v00/calibration.Run1614.0000.hdf5",
            "pedestal_product": "PedestalIntegrator",
            "r0calibrator_product": "LSTR0Corrections"
         }
      },
      "status": "completed",
      "duration_min": 12.448516666666585
   }
]